0:100  0:100  MemLog inited, TSC freq: 2296028820
0:100  0:000  CPU was calibrated with RTC
0:100  0:000  CloverX64 : Image base = 0xC53CF000
0:100  0:000  Clover ImageHandle = c5cadf98
0:100  0:000  SelfDirPath = \EFI\CLOVER
0:100  0:000  === [ Starting Clover ] =========================
0:100  0:000  Now is 11.08.2024,  18:18:37 (GMT)
0:100  0:000  Starting Clover revision: 5156 (master, commit 187400d0a) on American Megatrends EFI
0:100  0:000  Build id: 20231111155702-187400d-5156-dirty
0:100  0:000  Build with: [Args: -D NO_GRUB_DRIVERS_EMBEDDED -D LESS_DEBUG -t GCC131 | --cmd-len=50000 -D NO_GRUB_DRIVERS_EMBEDDED -D LESS_DEBUG --conf=/Users/sergey/src/CloverBootloader/Conf -D USE_LOW_EBDA -a X64 -b RELEASE -t GCC131 -n 5 | OS: 13.6.1]
0:100  0:000  --> : Firmware has 4011905 free pages (808065 in lower 4 GB)
0:100  0:000  === [ Get Smbios ] ==============================
0:100  0:000  Type 16 Index = 0
0:100  0:000  Total Memory Slots Count = 2
0:100  0:000  Type 17 Index = 0
0:100  0:000  Table has error information, checking
0:100  0:000  Found memory information in table 18/1, type=0x3, operation=0x2 syndrome=0x0
0:100  0:000  ...memory OK
0:100  0:000  SmbiosTable.Type17->SlotIndex = 0
0:100  0:000  SmbiosTable.Type17->ModuleSize = 8192MB
0:100  0:000  SmbiosTable.Type17->Type = 0
0:100  0:000  SmbiosTable.Type17->Frequency = 3200MHz
0:100  0:000  SmbiosTable.Type17->Bank/Device = P0 CHANNEL A DIMM 0
0:100  0:000  SmbiosTable.Type17->Vendor = Samsung
0:100  0:000  SmbiosTable.Type17->SerialNo = 00000000
0:100  0:000  SmbiosTable.Type17->PartNo = M471A1G44BB0-CWE
0:100  0:000  Type 17 Index = 1
0:100  0:000  Table has error information, checking
0:100  0:000  Found memory information in table 18/2, type=0x3, operation=0x2 syndrome=0x0
0:100  0:000  ...memory OK
0:100  0:000  SmbiosTable.Type17->SlotIndex = 1
0:100  0:000  SmbiosTable.Type17->ModuleSize = 8192MB
0:100  0:000  SmbiosTable.Type17->Type = 0
0:100  0:000  SmbiosTable.Type17->Frequency = 3200MHz
0:100  0:000  SmbiosTable.Type17->Bank/Device = P0 CHANNEL B DIMM 0
0:100  0:000  SmbiosTable.Type17->Vendor = Samsung
0:100  0:000  SmbiosTable.Type17->SerialNo = 00000000
0:100  0:000  SmbiosTable.Type17->PartNo = M471A1G44BB0-CWE
0:100  0:000  Boot status=0
0:100  0:000  Running on: 'Modern 14 C5M' with board 'MS-14JK'
0:100  0:000  === [ GetCPUProperties ] ========================
0:100  0:000  CPU Vendor = 68747541 Model=A50F00
0:100  0:000   The CPU supported SSE4.1
0:100  0:000   The CPU supported RDRAND
0:100  0:000  BrandString = AMD Ryzen 5 5625U with Radeon Graphics
0:100  0:000  	Looking to disable C1E if is already enabled by the BIOS:
0:100  0:000  CurrentSpeed: 2300
0:100  0:000  maxratio 44
0:100  0:000  cpudid_zen 72
0:100  0:000  FSBFrequency = 53 MHz, DMI FSBFrequency = 100 MHz, Corrected FSBFrequency = 100 MHz
0:100  0:000  MaxDiv/MinDiv: 22.0/16
0:100  0:000  Turbo: 0/0/0/0
0:100  0:000  Features: 0x76D8320B178BFBFF
0:100  0:000  Threads: 12
0:100  0:000  Cores: 6
0:100  0:000  FSB: 100 MHz
0:100  0:000  CPU: 2299 MHz
0:100  0:000  TSC: 2300 MHz
0:100  0:000  PIS: 100 MHz
0:100  0:000  ExternalClock: 25 MHz
0:100  0:000  === [ GetDevices ] ==============================
0:100  0:000  GOP found at: PciRoot(0x0)/Pci(0x8,0x1)/Pci(0x0,0x0)/AcpiAdr(0x80010400)
0:100  0:000  PCI (00|00:00.00) : 1022 1630 class=060000
0:100  0:000  PCI (00|00:01.00) : 1022 1632 class=060000
0:100  0:000  PCI (00|00:02.00) : 1022 1632 class=060000
0:100  0:000  PCI (00|00:02.02) : 1022 1634 class=060400
0:100  0:000  PCI (00|01:00.00) : 14C3 0608 class=028000
0:100  0:000   - WIFI: Vendor=  0x14C3
0:100  0:000  PCI (00|00:02.04) : 1022 1634 class=060400
0:100  0:000  PCI (00|02:00.00) : 1344 5413 class=010802
0:100  0:000  PCI (00|00:08.00) : 1022 1632 class=060000
0:100  0:000  PCI (00|00:08.01) : 1022 1635 class=060400
0:100  0:000  PCI (00|03:00.00) : 1002 15E7 class=030000
0:100  0:000   - GFX: Model=AMD Unknown (ATI/AMD)
0:100  0:000   - GOP: Provided by device
0:100  0:000  PCI (00|03:00.01) : 1002 1637 class=040300
0:100  0:000   - HDMI Audio: 
0:100  0:000  PCI (00|03:00.02) : 1022 15DF class=108000
0:100  0:000  PCI (00|03:00.03) : 1022 1639 class=0C0330
0:100  0:000  PCI (00|03:00.04) : 1022 1639 class=0C0330
0:100  0:000  PCI (00|03:00.05) : 1022 15E2 class=048000
0:101  0:000  PCI (00|03:00.06) : 1022 15E3 class=040300
0:101  0:000   - HDMI Audio: 
0:101  0:000  PCI (00|00:14.00) : 1022 790B class=0C0500
0:101  0:000  PCI (00|00:14.03) : 1022 790E class=060100
0:101  0:000  PCI (00|00:18.00) : 1022 166A class=060000
0:101  0:000  PCI (00|00:18.01) : 1022 166B class=060000
0:101  0:000  PCI (00|00:18.02) : 1022 166C class=060000
0:101  0:000  PCI (00|00:18.03) : 1022 166D class=060000
0:101  0:000  PCI (00|00:18.04) : 1022 166E class=060000
0:101  0:000  PCI (00|00:18.05) : 1022 166F class=060000
0:101  0:000  PCI (00|00:18.06) : 1022 1670 class=060000
0:101  0:000  PCI (00|00:18.07) : 1022 1671 class=060000
0:101  0:000  _checkOEMPath Look for oem dir at path '\EFI\CLOVER\OEM\MS-14JK\UEFI'. Dir doesn't exist.
0:101  0:000  _checkOEMPath Look for oem dir at path '\EFI\CLOVER\OEM\Modern 14 C5M'. Dir doesn't exist.
0:101  0:000  _checkOEMPath Look for oem dir at path '\EFI\CLOVER\OEM\Modern 14 C5M-2299'. Dir doesn't exist.
0:101  0:000  _checkOEMPath Look for oem dir at path '\EFI\CLOVER\OEM\MS-14JK'. Dir doesn't exist.
0:101  0:000  _checkOEMPath Look for oem dir at path '\EFI\CLOVER\OEM\MS-14JK-2299'. Dir doesn't exist.
0:101  0:000  === [ GetUserSettings ] =========================
0:101  0:000  GetDefaultModel()=MacPro6,1
0:101  0:000  === [ LoadUserSettings ] ========================
0:103  0:002  Using config.plist at path: \EFI\CLOVER
0:103  0:000  === [ LoadUserSettings ] ========================
0:103  0:000  Cannot find smbios.plist at path '\EFI\CLOVER' : Not Found
0:103  0:000  '\EFI\CLOVER\smbios.plist' not loaded. Efi error Not Found
0:103  0:000  create SMBIOS list, found 26 dicts
0:103  0:000  ... ACPI
0:103  0:000  ... Boot
0:103  0:000  ... BootGraphics
0:103  0:000  ... Devices
0:103  0:000  ... GUI
0:103  0:000  ... Graphics
0:103  0:000  ... KernelAndKextPatches
0:103  0:000  ... SMBIOS
0:103  0:000  ... SystemParameters
0:103  0:000  ... RtVariables
0:103  0:000  ... Quirks
0:103  0:000  get model from config.plist
0:103  0:000  BiosVersion: IM191.88Z.F000.B00.2302212211
0:125  0:021  BiosReleaseDate: 02/21/2023
0:134  0:009  EfiVersion: 1968.100.16.0.1
0:145  0:010  Calibrated TSC Frequency = 2296028820 = 2296MHz
0:154  0:009  === [ GetListOfThemes ] =========================
0:166  0:011  - [00]: random
0:186  0:019  - [00]: embedded
0:207  0:021  === [ Found config plists ] =====================
0:217  0:009  - config-sample.plist
0:226  0:009  - config.plist
0:236  0:009  === [ LoadDrivers ] =============================
0:248  0:011  Loading VBoxHfs.efi status=Success
0:284  0:036   - driver needs connecting
0:294  0:009  Loading ApfsDriverLoader.efi status=Success
0:328  0:034   - driver needs connecting
0:338  0:009  2 drivers needs connecting ...
0:348  0:009  PlatformDriverOverrideProtocol not found. Installing ... Success
0:367  0:019  HFS+ driver loaded
0:377  0:009  APFS driver loaded
0:386  0:009  Searching for invalid DiskIo BY_DRIVER connects: not found, all ok
0:490  0:103  === [ InitScreen ] ==============================
0:499  0:009  Console modes reported: 4, available modes:
0:509  0:009   - [01]: 80x25
0:518  0:009   - [02]: 80x25
0:528  0:009   - [03]: 100x31
0:538  0:009   - [04]: 128x40 (current mode)
0:547  0:009  SetMaxResolution: found best mode 0: 1920x1080
0:567  0:019   - already set
0:577  0:010  === [ ScanSPD ] =================================
0:588  0:010  === [ GetAcpiTablesList ] =======================
0:597  0:009  Get Acpi Tables List from RSDT:
0:616  0:019   - [00]: FACP  MEGABOOK len=276
0:626  0:009   - [01]: SSDT  AmdTable len=29360
0:635  0:009   - [02]: SSDT  AMD AOD len=14881
0:645  0:009   - [03]: FIDT  MEGABOOK len=156
0:655  0:009   - [04]: ECDT  MEGABOOK len=193
0:669  0:014   - [05]: MCFG  MEGABOOK len=60
0:680  0:010   - [06]: HPET  MEGABOOK len=56
0:690  0:009   - [07]: FPDT  MEGABOOK len=68
0:700  0:010   - [08]: VFCT  MEGABOOK len=55428
0:710  0:010   - [09]: BGRT  MEGABOOK len=56
0:720  0:009   - [10]: TPM2  MEGABOOK len=76
0:730  0:009   - [11]: SSDT  AmdTable len=16008
0:740  0:010   - [12]: CRAT  AmdTable len=2920
0:750  0:009   - [13]: CDIT  AmdTable len=41
0:760  0:009   - [14]: SSDT  AmdTable len=329
0:771  0:010   - [15]: SSDT  AmdTable len=2713
0:781  0:009   - [16]: SSDT  AmdTable len=5439
0:791  0:010   - [17]: SSDT  AmdTable len=1615
0:801  0:010   - [18]: SSDT  AmdTable len=14446
0:811  0:009   - [19]: WSMT  MEGABOOK len=40
0:821  0:009   - [20]: APIC  MEGABOOK len=222
0:831  0:009   - [21]: SSDT  AmdTable len=141
0:841  0:010   - [22]: SSDT  AmdTable len=2288
0:851  0:010   - [23]: SSDT  AmdTable len=87
0:861  0:009   - [24]: SSDT  AmdTable len=439
0:872  0:010   - [25]: SSDT  AmdTable len=1768
0:882  0:009   - [26]: SSDT  AmdTable len=2358
0:892  0:010   - [00]: Drop table : DMAR,                0 :  no
0:913  0:020  Custom boot CUSTOM_BOOT_USER_DISABLED (0x0)
0:922  0:009  Default theme: random
0:933  0:010  Set FakeCPUID: 0x0
0:944  0:010  === [ Found DSDT tables ] =======================
0:953  0:009  - DSDT.aml
0:964  0:010  === [ InitKextList ] ============================
1:004  0:040  === [ ScanVolumes ] =============================
1:014  0:009  Found 8 volumes with blockIO
1:024  0:010  - [00]: Volume: PciRoot(0x0)\Pci(0x8,0x1)\Pci(0x0,0x4)\USB(0x1,0x0)
1:123  0:098  - [01]: Volume: PciRoot(0x0)\Pci(0x8,0x1)\Pci(0x0,0x4)\USB(0x1,0x0)\HD(1,GPT,27C0F147-EF1D-458B-9CEE-C3169E9BDF13,0x800,0x64000)
1:143  0:020          Result of bootcode detection: bootable Windows (vista,win)
1:152  0:009            label : CLOVER
1:162  0:009          This is SelfVolume !!
1:172  0:009  - [02]: Volume: PciRoot(0x0)\Pci(0x8,0x1)\Pci(0x0,0x4)\USB(0x1,0x0)\HD(2,GPT,9A7CC0A5-660B-CAE9-3B96-656AC0C9EAD5,0x64800,0x1BDD000)
1:198  0:026            label : Install macOS Ventura
1:208  0:010  - [03]: Volume: PciRoot(0x0)\Pci(0x2,0x4)\Pci(0x0,0x0)\NVMe(0x1,7A-87-C5-3C-01-75-A0-00)
1:229  0:020          Result of bootcode detection: bootable unknown (legacy)
1:239  0:010  - [04]: Volume: PciRoot(0x0)\Pci(0x2,0x4)\Pci(0x0,0x0)\NVMe(0x1,7A-87-C5-3C-01-75-A0-00)\HD(1,GPT,8BF88A9E-B8B9-45F1-A78F-4F5B1B7B531A,0x800,0x32000)
1:259  0:020          Result of bootcode detection: bootable Windows (vista,win)
1:270  0:011            label : EFI
1:280  0:009  - [05]: Volume: PciRoot(0x0)\Pci(0x2,0x4)\Pci(0x0,0x0)\NVMe(0x1,7A-87-C5-3C-01-75-A0-00)\HD(2,GPT,4F82B81C-31D3-46B6-BFED-53EB020EB923,0x32800,0x8000)
1:300  0:019  - [06]: Volume: PciRoot(0x0)\Pci(0x2,0x4)\Pci(0x0,0x0)\NVMe(0x1,7A-87-C5-3C-01-75-A0-00)\HD(3,GPT,BE5E407C-FC03-4CB2-AEA7-929B84E69A24,0x3A800,0xC315800)
1:321  0:020          Result of bootcode detection: bootable Windows (vista,win)
1:331  0:009            label : win
1:341  0:010  - [07]: Volume: PciRoot(0x0)\Pci(0x2,0x4)\Pci(0x0,0x0)\NVMe(0x1,7A-87-C5-3C-01-75-A0-00)\HD(4,GPT,DDD17A37-8F80-4861-A214-EBB08A893EED,0xC350000,0x2F69128F)
1:361  0:020          Result of bootcode detection: bootable Windows (vista,win)
1:371  0:010            label : data
1:381  0:009  No AudioIoProtocols, status=Not Found
1:391  0:009  === [ InitXTheme ] ==============================
1:402  0:010  use Daylight theme
1:412  0:009   using embedded theme
1:429  0:017  sound play end with status=Device Error
1:440  0:010  Using embedded font
1:450  0:010  --> InitTheme end: Firmware has 4008736 free pages (804896 in lower 4 GB)
1:460  0:009  theme inited
1:471  0:010  Chosen embedded theme
1:480  0:009  found boot-args in NVRAM:revblock=media debug=0x100 keepsyms=1, size=38
1:490  0:009  ...found arg:revblock=media
1:501  0:010  ...adding arg:revblock=media
1:511  0:009  ...found arg:debug=0x100
1:521  0:009  ...found arg:keepsyms=1
1:531  0:010  after NVRAM boot-args=-v debug=0x100 keepsyms=1 -no_compact_check revblock=media 
1:545  0:014  === [ Dump SMC keys from NVRAM ] ================
1:555  0:009  found AppleSMC protocol
1:566  0:011     fakesmc-key-#KEY-ui32:00 00 00 04 
1:625  0:059     fakesmc-key-$Adr-ui32:00 00 03 00 
1:685  0:059     fakesmc-key-$Num-ui8:01 
1:716  0:031     fakesmc-key-RMde-char:41 
1:748  0:032  Registered 4 SMC keys
1:766  0:017  === [ ScanLoader ] ==============================
1:775  0:009  - [01]: 'CLOVER'
1:795  0:019        AddLoaderEntry for Volume Name=CLOVER, idx=0
1:804  0:009        OSVersion= 
1:814  0:009        IconName=unknown comma=-1 size=7
1:824  0:009        Full=unknown
1:833  0:009        Loader entry created for 'PciRoot(0x0)\Pci(0x8,0x1)\Pci(0x0,0x4)\USB(0x1,0x0)\HD(1,GPT,27C0F147-EF1D-458B-9CEE-C3169E9BDF13,0x800,0x64000)\EFI\BOOT\BOOTX64.efi'
1:843  0:009        Menu entry added at index 0
1:853  0:009       hiding entry because DiskKind is DISK_KIND_EXTERNAL: \EFI\BOOT\BOOTX64.efi
1:862  0:009  - [02]: 'Install macOS Ventura'
1:884  0:021        AddLoaderEntry for Volume Name=Install macOS Ventura, idx=1
1:897  0:012        OSVersion=13.6.3 
1:906  0:009        IconName=ventura,mac comma=7 size=11
1:916  0:009        first=os_ventura
1:926  0:009        Second=os_mac
1:935  0:009        IconName=unknown comma=-1 size=7
1:945  0:009        Full=unknown
1:955  0:010        Loader entry created for 'PciRoot(0x0)\Pci(0x8,0x1)\Pci(0x0,0x4)\USB(0x1,0x0)\HD(2,GPT,9A7CC0A5-660B-CAE9-3B96-656AC0C9EAD5,0x64800,0x1BDD000)\System\Library\CoreServices\boot.efi'
1:964  0:009        Menu entry added at index 1
1:974  0:009  - [04]: 'EFI'
2:010  0:036        AddLoaderEntry for Volume Name=EFI, idx=2
2:098  0:087        OSVersion= 
2:108  0:009        IconName=vista,win comma=5 size=9
2:117  0:009        first=os_vista
2:128  0:010        Second=os_win
2:138  0:009        IconName=unknown comma=-1 size=7
2:148  0:009        Full=unknown
2:158  0:010        Loader entry created for 'PciRoot(0x0)\Pci(0x2,0x4)\Pci(0x0,0x0)\NVMe(0x1,7A-87-C5-3C-01-75-A0-00)\HD(1,GPT,8BF88A9E-B8B9-45F1-A78F-4F5B1B7B531A,0x800,0x32000)\EFI\microsoft\Boot\bootmgfw.efi'
2:172  0:014        Menu entry added at index 2
2:194  0:021        AddLoaderEntry for Volume Name=EFI, idx=3
2:203  0:009        OSVersion= 
2:213  0:009        IconName=unknown comma=-1 size=7
2:222  0:009        Full=unknown
2:232  0:009        Loader entry created for 'PciRoot(0x0)\Pci(0x2,0x4)\Pci(0x0,0x0)\NVMe(0x1,7A-87-C5-3C-01-75-A0-00)\HD(1,GPT,8BF88A9E-B8B9-45F1-A78F-4F5B1B7B531A,0x800,0x32000)\EFI\BOOT\BOOTX64.efi'
2:242  0:009        Menu entry added at index 3
2:251  0:009       hiding entry because DiskKind is DISK_KIND_INTERNAL: \EFI\BOOT\BOOTX64.efi
2:261  0:009  - [06]: 'win'
2:280  0:018  - [07]: 'data'
2:300  0:019  Entries list before ordering
2:309  0:009      Entry 0 : Boot UEFI external from CLOVER (hidden)
2:319  0:009      Entry 1 : Boot macOS Install from Install macOS Ventura
2:328  0:009      Entry 2 : Boot Microsoft EFI Boot from EFI
2:338  0:009      Entry 3 : Boot UEFI internal from EFI (hidden)
2:347  0:009  Entries list after ordering
2:357  0:009    Entry 0 : Boot UEFI external from CLOVER (hidden)
2:367  0:009    Entry 1 : Boot macOS Install from Install macOS Ventura
2:376  0:009    Entry 2 : Boot Microsoft EFI Boot from EFI
2:386  0:009    Entry 3 : Boot UEFI internal from EFI (hidden)
2:396  0:009  Scanning legacy ...
2:405  0:009      AddLegacyEntry:
2:415  0:009        FullTitle=
2:425  0:009        LoaderTitle=
2:434  0:009        Volume->LegacyOS->Name=Windows
2:444  0:009        Entry->Title=Boot Windows from CLOVER
2:453  0:009        IconName=vista,win comma=5 size=9
2:463  0:009        first=os_vista
2:473  0:009        Second=os_win
2:482  0:009        IconName=unknown comma=-1 size=7
2:492  0:009        Full=unknown
2:502  0:009      AddLegacyEntry:
2:511  0:009        FullTitle=
2:521  0:009        LoaderTitle=
2:531  0:009        Volume->LegacyOS->Name=Windows
2:540  0:009        Entry->Title=Boot Windows from EFI
2:550  0:009        IconName=vista,win comma=5 size=9
2:565  0:014        first=os_vista
2:575  0:009        Second=os_win
2:585  0:009        IconName=unknown comma=-1 size=7
2:595  0:010        Full=unknown
2:605  0:009      AddLegacyEntry:
2:615  0:009        FullTitle=
2:625  0:010        LoaderTitle=
2:635  0:009        Volume->LegacyOS->Name=Windows
2:645  0:009        Entry->Title=Boot Windows from win
2:656  0:010        IconName=vista,win comma=5 size=9
2:666  0:009        first=os_vista
2:676  0:009        Second=os_win
2:686  0:009        IconName=unknown comma=-1 size=7
2:696  0:010        Full=unknown
2:706  0:010      AddLegacyEntry:
2:716  0:009        FullTitle=
2:726  0:010        LoaderTitle=
2:736  0:009        Volume->LegacyOS->Name=Windows
2:746  0:009        Entry->Title=Boot Windows from data
2:757  0:010        IconName=vista,win comma=5 size=9
2:767  0:009        first=os_vista
2:777  0:009        Second=os_win
2:787  0:010        IconName=unknown comma=-1 size=7
2:797  0:009        Full=unknown
2:807  0:010  === [ AddCustomTool ] ===========================
2:817  0:010  found tool \EFI\CLOVER\tools\Shell64U.efi
2:827  0:009  Checking EFI partition Volume 4 for Clover
2:838  0:010   Found Clover
2:849  0:010  === [ GetEfiBootDeviceFromNvram ] ===============
2:859  0:010   - [!] efi-boot-device-data not found
2:869  0:009  Default boot entry not found
2:879  0:010  BannerPlace at Clear Screen [896,224]
2:897  0:017  --> Before RunMainMenu: Firmware has 4008198 free pages (804358 in lower 4 GB)
2:921  0:023  GUI ready
13:069  10:147  BootVariable of the entry is empty
13:078  0:009  === [ StartLoader ] =============================
13:088  0:010  Starting PciRoot(0x0)\Pci(0x8,0x1)\Pci(0x0,0x4)\USB(0x1,0x0)\HD(2,GPT,9A7CC0A5-660B-CAE9-3B96-656AC0C9EAD5,0x64800,0x1BDD000)\System\Library\CoreServices\boot.efi
13:098  0:009  --> LOADER_ENTRY::StartLoader(): Firmware has 4008184 free pages (804344 in lower 4 GB)
13:109  0:010  Finally: ExternalClock=27MHz BusSpeed=104365kHz CPUFreq=2296MHz PIS: hw.busfrequency=108000000Hz
13:221  0:111  Beginning OC
13:231  0:009  OCST: Missing vault data, ignoring...
13:241  0:010  AddKextsInArray from Other
13:251  0:009  ->Extra kext: Other\Lilu.kext (v.1.6.8)
13:261  0:009  ->Extra kext: Other\VirtualSMC.kext (v.1.3.3)
13:271  0:010  ->Extra kext: Other\AppleALC.kext (v.1.9.1)
13:281  0:009  ->Extra kext: Other\AppleMCEReporterDisabler.kext (v.1.2)
13:291  0:009  GetOtherKextsDir(false) return NULL
13:301  0:009  AddKextsInArray from 13
13:311  0:010  AddKextsInArray from 13_install
13:321  0:009  AddKextsInArray from 13.6
13:331  0:009  AddKextsInArray from 13.6_install
13:342  0:010  AddKextsInArray from 13.6.3
13:352  0:009  AddKextsInArray from 13.6.3_install
13:362  0:009  Bridge kext to OC : Path=Lilu.kext
13:372  0:010  info plist path: Kexts\Other\Lilu.kext\Contents\Info.plist
13:382  0:009  InfoPlistPath=Kexts\Other\Lilu.kext\Contents\Info.plist
13:392  0:010  assign executable as 'Contents\MacOS\Lilu'
13:402  0:010  Bridge kext to OC : Path=VirtualSMC.kext
13:412  0:009  info plist path: Kexts\Other\VirtualSMC.kext\Contents\Info.plist
13:422  0:009  InfoPlistPath=Kexts\Other\VirtualSMC.kext\Contents\Info.plist
13:433  0:011  assign executable as 'Contents\MacOS\VirtualSMC'
13:443  0:009  Bridge kext to OC : Path=AppleALC.kext
13:453  0:009  info plist path: Kexts\Other\AppleALC.kext\Contents\Info.plist
13:464  0:010  InfoPlistPath=Kexts\Other\AppleALC.kext\Contents\Info.plist
13:499  0:035  assign executable as 'Contents\MacOS\AppleALC'
13:509  0:009  Bridge kext to OC : Path=AppleMCEReporterDisabler.kext
13:519  0:010  info plist path: Kexts\Other\AppleMCEReporterDisabler.kext\Contents\Info.plist
13:529  0:009  InfoPlistPath=Kexts\Other\AppleMCEReporterDisabler.kext\Contents\Info.plist
13:552  0:022  Start 'OpenRuntime.efi' : Status Success
13:562  0:010  OC: OcMiscEarlyInit...
13:572  0:009  OC: OpenCore DBG-082-2023-11-11 is loading in Optional mode (0/0)...
13:582  0:009  OC: OcMiscMiddleInit...
13:596  0:014  OC: StorageHandle 0 with  LauncherOption pointing to 
13:607  0:010  OC: OcLoadUefiSupport...
13:617  0:009  OCAU: OcAudioInstallProtocols (0, 0)
13:627  0:009  OCRTC: OcAppleRtcRamInstallProtocol
13:636  0:009  OCRTC: Wake log is 0x00 0x00   0 0x00
13:646  0:009  OcAppleFbInfoInstallProtocol
13:655  0:009  OcAppleEg2InfoInstallProtocol
13:665  0:009  OCOS: Discovered rotate NVRAM override to 0
13:674  0:009  OC: Loading Apple Secure Boot with Disabled (level 0)
13:685  0:010  OCABC: ALRBL 0 RTDFRG 1 DEVMMIO 0 NOSU 0 NOVRWR 0 NOSB 0 FBSIG 0 NOHBMAP 0 SMSLIDE 1 WRUNPROT 1
13:695  0:009  OCABC: FEXITBS 0 PRMRG 0 CSLIDE 1 MSLIDE 0 PRSRV 0 RBMAP 0 VMAP 1 APPLOS 0 RTPERMS 0 ARBAR -1
13:705  0:009  OCABC: Got rendezvous with OpenRuntime r12
13:714  0:009  OCABC: MAT support is 1
13:724  0:009  OC: RequestBootVarRouting 0
13:735  0:010  OC: Increasing GPU BARs to 0
13:744  0:009  OCDM: Setting RBAR to 0 inc 1 on 10/26
13:754  0:009  OCDM: RBAR is unsupported by device - Not Found
13:765  0:010  OC: Got 0 drivers
13:775  0:009  OCC: Installing GOP (Unsupported) on ConsoleOutHandle...
13:785  0:009  OC: Requested resolution is 0x0@0 (max: 0, force: 0) from 
13:794  0:009  OC: Selected UIScale 1 based on 1920x1080 resolution
13:805  0:010  OC: Setting UIScale to 1 - Success
13:815  0:010  OCC: Using builtin text renderer with 1 scale
13:831  0:015  OCC: Install console control (C5535A90/0/0), current - Success
13:840  0:009  OCC: Setup ASCII Output - Success
13:850  0:009  OC: Requested console mode is 0x0 (max: 0) from 
13:859  0:009  OC: Requested not to use audio
13:869  0:009  OC: OcLoadAcpiSupport...
13:879  0:009  OC: OcLoadAcpiSupport : nothing to do
13:888  0:009  OC: OcMiscLateInit...
13:898  0:009  OC: Invalid HibernateMode: 
13:907  0:009  OC: Translated HibernateMode  to 0
13:917  0:009  OC: Hibernation activation - Invalid Parameter, hibernation wake - no
13:927  0:009  OC: Panic log does not exist
13:936  0:009  OC: OcLoadKernelSupport...
13:946  0:009  OC: All green, starting boot management...
13:961  0:014  OCABC: IsEfiBootRt 0 (BP 1, Apple 0)
14:071  0:110  OCB: Arch filtering C4E24018(723512)->C4E24018(723512) caps 4 - Success
14:089  0:017  ImageHandle = c562a618
14:105  0:016  GetOSVersion: 13.6.3 (22G436)
14:125  0:020  Will not patch boot.efi
14:135  0:009  BiosVersion: IM191.88Z.F000.B00.2302212211
14:145  0:009  BiosReleaseDate: 02/21/2023
14:155  0:010  EfiVersion: 1968.100.16.0.1
14:165  0:009  SMBIOS reloaded with model iMac19,1
14:175  0:009  Set FakeCPUID: 0x0
14:185  0:010  === [ PatchSmbios ] =============================
14:195  0:010  UpdateSmbiosString : BiosVersion=EfiVersion=1968.100.16.0.1
14:205  0:009  UpdateSmbiosString : ReleaseDate=02/21/2023
14:216  0:010  void PatchTableType1(const SmbiosInjectedSettings&) : UpdateSmbiosString ProductName=iMac19,1
14:226  0:009  void PatchTableType2(const SmbiosInjectedSettings&) : UpdateSmbiosString ProductName=BoardNumber=Mac-AA95B1DDAB278B95
14:313  0:087  void PatchTableType2(const SmbiosInjectedSettings&) : UpdateSmbiosString Version=BoardVersion=iMac19,1
14:322  0:009  insert table 9 for dev 0:0
14:332  0:009  insert table 9 for dev 0:1
14:342  0:009  insert table 9 for dev 0:0
14:351  0:009  Table 11 present, but rewritten for us
14:361  0:009  Do not inject memory table
14:371  0:009  Trusting SMBIOS...
14:380  0:009  Detected alternating SMBIOS channel banks
14:390  0:009  Channels: 2
14:400  0:009  Interleave: 0 2
14:438  0:038  trusted SMBIOS data, table index 0:
14:448  0:009    gRAM.SMBIOS[0]->ModuleSize = 8192
14:457  0:009    gRAM.SMBIOS[0]->Type = 0
14:467  0:009    gRAM.SMBIOS[0]->Frequency = 3200
14:476  0:009    gRAM.SMBIOS[0]->Vendor = Samsung
14:486  0:009    gRAM.SMBIOS[0]->PartNo = M471A1G44BB0-CWE
14:496  0:009    gRAM.SMBIOS[0]->SerialNo = 00000000
14:505  0:009    Type17->Manufacturer corrected by SMBIOS from NoName to Samsung
14:515  0:009    SMBIOS Type 17 Index = 0 => SMBIOSIndex=0 SPDIndex=0:
14:525  0:009  BANK 0 DIMM0 3200MHz 8192MB(Ext:0MB)
14:539  0:014  trusted SMBIOS data, table index 1:
14:549  0:009    gRAM.SMBIOS[1]->ModuleSize = 8192
14:559  0:010    gRAM.SMBIOS[1]->Type = 0
14:569  0:009    gRAM.SMBIOS[1]->Frequency = 3200
14:579  0:009    gRAM.SMBIOS[1]->Vendor = Samsung
14:589  0:010    gRAM.SMBIOS[1]->PartNo = M471A1G44BB0-CWE
14:599  0:009    gRAM.SMBIOS[1]->SerialNo = 00000000
14:609  0:009    Type17->Manufacturer corrected by SMBIOS from NoName to Samsung
14:620  0:010    SMBIOS Type 17 Index = 1 => SMBIOSIndex=1 SPDIndex=2:
14:630  0:009  BANK 1 DIMM0 3200MHz 8192MB(Ext:0MB)
14:640  0:009  mTotalSystemMemory = 16384
14:650  0:010  NumberOfMemoryDevices = 2
14:660  0:009  Type20[0]->End = 0xFFFFFF, Type17[1] = 4000
14:670  0:009  Type20[1]->End = 0xFFFFFF, Type17[1] = 8000
14:680  0:010  === [ PatchACPI ] ===============================
14:690  0:009  OCABC: AllocPages 1 0xCB04D000 (1) - Success
14:700  0:009  Xsdt reallocation done
14:710  0:010  OCABC: AllocPages 1 0xCB04C000 (1) - Success
14:720  0:009  old FADT length=114
14:730  0:009   SignatureFixup: 0x9B2A3D52 -> 0x0
14:741  0:010  DSDT found in Clover volume: \EFI\CLOVER\ACPI\patched\DSDT.aml
14:753  0:012  OCABC: AllocPages 1 0xCB03E000 (14) - Success
14:763  0:009  Apply DsdtFixMask=0x00000000
14:773  0:010  === [ FixBiosDsdt ] =============================
14:783  0:010  PreCleanup XSDT: count=27, length=252
14:793  0:009  PreCleanup XSDT, corrected XSDT: count=27, length=252
14:803  0:009  === [ ACPIDropTables ] ==========================
14:814  0:010  OCABC: AllocPages 1 0xC5225000 (9) - Success
14:824  0:009  Found OperationRegion(A126, SystemMemory, F0000000, ...)
14:834  0:010  OCABC: AllocPages 1 0xC567B000 (5) - Success
14:844  0:010  Found OperationRegion(PMRG, SystemMemory, FED80300, ...)
14:854  0:009  Found OperationRegion(AODT, SystemMemory, CB36C018, ...)
14:864  0:009  OCABC: AllocPages 1 0xCB03C000 (2) - Success
14:874  0:010  OCABC: AllocPages 1 0xCB03C000 (2) - Success
14:884  0:009  OCABC: AllocPages 1 0xCB03C000 (2) - Success
14:899  0:014  OCABC: AllocPages 1 0xC55D2000 (2) - Success
14:909  0:010  OCABC: AllocPages 1 0xC55D2000 (2) - Success
14:918  0:009  OCABC: AllocPages 1 0xC5213000 (15) - Success
14:928  0:009  OCABC: AllocPages 1 0xC55D2000 (2) - Success
14:938  0:009  OCABC: AllocPages 1 0xC55D2000 (2) - Success
14:947  0:009  OCABC: AllocPages 1 0xC521D000 (5) - Success
14:957  0:009  OCABC: AllocPages 1 0xC55D1000 (2) - Success
14:967  0:009  OCABC: AllocPages 1 0xC55D1000 (2) - Success
14:976  0:009  OCABC: AllocPages 1 0xC55D1000 (2) - Success
14:986  0:009  OCABC: AllocPages 1 0xC521B000 (2) - Success
14:996  0:009  OCABC: AllocPages 1 0xC5218000 (3) - Success
15:005  0:009  OCABC: AllocPages 1 0xC5216000 (2) - Success
15:015  0:009  OCABC: AllocPages 1 0xC5210000 (5) - Success
15:024  0:009  Found OperationRegion(CPNV, SystemMemory, CB371018, ...)
15:034  0:009  OCABC: AllocPages 1 0xC520E000 (2) - Success
15:043  0:009  OCABC: AllocPages 1 0xC520E000 (2) - Success
15:053  0:009  OCABC: AllocPages 1 0xC520E000 (2) - Success
15:063  0:009  OCABC: AllocPages 1 0xC520B000 (2) - Success
15:072  0:009  OCABC: AllocPages 1 0xC5208000 (2) - Success
15:082  0:009  OCABC: AllocPages 1 0xC5206000 (2) - Success
15:092  0:009  OCABC: AllocPages 1 0xC5204000 (2) - Success
15:101  0:009  Found OperationRegion(ECS_, SystemMemory, FC000800, ...)
15:111  0:009  Found OperationRegion(MSIO, SystemMemory, FED81500, ...)
15:121  0:009  OCABC: AllocPages 1 0xC5201000 (2) - Success
15:130  0:009  Found OperationRegion(P000, SystemMemory, FED80300, ...)
15:140  0:009  ApicCPUNum=12
15:150  0:009  Not an Intel platform: P-States will not be generated !!!
15:159  0:009  GeneratePStates failed: Status=Not Found
15:247  0:087  SSDT with CPU C-States generated successfully
15:257  0:009  OCABC: AllocPages 1 0xC51FD000 (1) - Success
15:267  0:009  Cleanup XSDT: count=28, length=260
15:277  0:010  corrected XSDT count=28, length=260
15:287  0:009  === [ RestSetup macOS ] =========================
15:297  0:010  ATI injection not set
15:312  0:014   RCBA disabled; cannot use it
15:322  0:009  stringlength = 1200
15:331  0:009  OCABC: AllocPages 1 0xC51F9000 (1) - Success
15:341  0:010  CurrentMode: Width=1920 Height=1080
15:351  0:009  SetNvramVariable (system-id, 4D1EDE05-38C7-4A6A-9CC6-4BCCA8B38C14, 0x2, 16): -> writing new (Success)
15:371  0:020  SetNvramVariable (MLB, 4D1EDE05-38C7-4A6A-9CC6-4BCCA8B38C14, 0x6, 17): -> writing new (Success)
15:391  0:020  SetNvramVariable (ROM, 4D1EDE05-38C7-4A6A-9CC6-4BCCA8B38C14, 0x6, 6): -> writing new (Success)
15:412  0:020  SetNvramVariable (FirmwareFeatures, 4D1EDE05-38C7-4A6A-9CC6-4BCCA8B38C14, 0x6, 4): -> writing new (Success)
15:433  0:020  SetNvramVariable (FirmwareFeaturesMask, 4D1EDE05-38C7-4A6A-9CC6-4BCCA8B38C14, 0x6, 4): -> writing new (Success)
15:453  0:020  SetNvramVariable (ExtendedFirmwareFeatures, 4D1EDE05-38C7-4A6A-9CC6-4BCCA8B38C14, 0x6, 8): -> writing new (Success)
15:474  0:020  SetNvramVariable (ExtendedFirmwareFeaturesMask, 4D1EDE05-38C7-4A6A-9CC6-4BCCA8B38C14, 0x6, 8): -> writing new (Success)
15:494  0:020  AddNvramVariable (HW_BID, 4D1EDE05-38C7-4A6A-9CC6-4BCCA8B38C14, 0x6, 20): -> writing new (Success)
15:515  0:020  AddNvramVariable (security-mode, 7C436110-AB2A-4BBB-A880-FE41995C9F82, 0x7, 5): -> writing new (Success)
15:540  0:025  DeleteNvramVariable (DefaultBackgroundColor, 4D1EDE05-38C7-4A6A-9CC6-4BCCA8B38C14):
15:550  0:009  SetNvramVariable (UIScale, 4D1EDE05-38C7-4A6A-9CC6-4BCCA8B38C14, 0x7, 1): exists(0x6, 1)DeleteNvramVariable (UIScale, 4D1EDE05-38C7-4A6A-9CC6-4BCCA8B38C14):
15:581  0:031  , diff. attr: deleting old (Success) -> writing new (Success)
15:604  0:022  SetNvramVariable (EFILoginHiDPI, 7C436110-AB2A-4BBB-A880-FE41995C9F82, 0x7, 4): -> writing new (Success)
15:626  0:022  SetNvramVariable (flagstate, 7C436110-AB2A-4BBB-A880-FE41995C9F82, 0x7, 32): -> writing new (Success)
15:649  0:022  SetNvramVariable (csr-active-config, 7C436110-AB2A-4BBB-A880-FE41995C9F82, 0x7, 4): exists(0x7, 4), not equal -> writing new (Success)
15:695  0:046  DeleteNvramVariable (BridgeOSHardwareModel, 4D1EDE05-38C7-4A6A-9CC6-4BCCA8B38C14):
15:706  0:011  DeleteNvramVariable (bootercfg, 7C436110-AB2A-4BBB-A880-FE41995C9F82):
15:716  0:010  DeleteNvramVariable (nvda_drv, 7C436110-AB2A-4BBB-A880-FE41995C9F82):
15:727  0:010  DeleteNvramVariable (recovery-boot-mode, 7C436110-AB2A-4BBB-A880-FE41995C9F82):
15:738  0:010  DeleteNvramVariable (install-product-url, 7C436110-AB2A-4BBB-A880-FE41995C9F82):
15:748  0:010  DeleteNvramVariable (previous-system-uuid, 7C436110-AB2A-4BBB-A880-FE41995C9F82):
15:758  0:009  AddNvramVariable (wake-failure, 7C436110-AB2A-4BBB-A880-FE41995C9F82, 0x7, 5): -> writing new (Success)
15:782  0:024  DeleteNvramVariable (opencore-version, 7C436110-AB2A-4BBB-A880-FE41995C9F82):
15:793  0:010  DeleteNvramVariable (ApBoardID, 94B73556-2197-4702-82A8-3E1337DAFBFB):
15:804  0:010  DeleteNvramVariable (ApSecurityDomain, 94B73556-2197-4702-82A8-3E1337DAFBFB):
15:814  0:010  DeleteNvramVariable (ApProductionStatus, 94B73556-2197-4702-82A8-3E1337DAFBFB):
15:824  0:010  DeleteNvramVariable (ApSecurityMode, 94B73556-2197-4702-82A8-3E1337DAFBFB):
15:835  0:011  DeleteNvramVariable (EffectiveProductionStatus, 94B73556-2197-4702-82A8-3E1337DAFBFB):
15:846  0:010  DeleteNvramVariable (EffectiveSecurityMode, 94B73556-2197-4702-82A8-3E1337DAFBFB):
15:856  0:010  DeleteNvramVariable (CertificateEpoch, 94B73556-2197-4702-82A8-3E1337DAFBFB):
15:867  0:010  DeleteNvramVariable (MixNMatchPreventionStatus, 94B73556-2197-4702-82A8-3E1337DAFBFB):
15:877  0:010  DeleteNvramVariable (CryptoDigestMethod, 94B73556-2197-4702-82A8-3E1337DAFBFB):
15:888  0:010  DeleteNvramVariable (InternalUseOnlyUnit, 94B73556-2197-4702-82A8-3E1337DAFBFB):
15:899  0:010  DeleteNvramVariable (ApECID, 94B73556-2197-4702-82A8-3E1337DAFBFB):
15:909  0:010  DeleteNvramVariable (HardwareModel, 94B73556-2197-4702-82A8-3E1337DAFBFB):
15:919  0:009  Use origin smbios table type 1 guid.
15:976  0:056  SetStartupDiskVolume:
15:986  0:010    * Volume: 'Install macOS Ventura'
16:004  0:018    * LoaderPath: '\System\Library\CoreServices\boot.efi'
16:014  0:009    * DevPath: Install macOS Ventura
16:024  0:009    * EFI_GUID = 9A7CC0A5-660B-CAE9-3B96-656AC0C9EAD5
16:033  0:009  SetNvramVariable (efi-boot-device-data, 7C436110-AB2A-4BBB-A880-FE41995C9F82, 0x7, 156): -> writing new (Success)
16:057  0:023    * efi-boot-device: <array><dict><key>IOMatch</key><dict><key>IOProviderClass</key><string>IOMedia</string><key>IOPropertyMatch</key><dict><key>UUID</key><string>9A7CC0A5-660B-CAE9-3B96-656AC0C9EAD5</string></dict></dict></dict></array>
16:067  0:009  SetNvramVariable (efi-boot-device, 7C436110-AB2A-4BBB-A880-FE41995C9F82, 0x7, 216): -> writing new (Success)
16:091  0:023  Custom boot screen not used because entry has unset use graphics
16:101  0:010  DeleteNvramVariable (IOHibernateRTCVariables, 7C436110-AB2A-4BBB-A880-FE41995C9F82):
16:111  0:010  DeleteNvramVariable (boot-image, 7C436110-AB2A-4BBB-A880-FE41995C9F82):
16:120  0:009  Kernel quirks
16:130  0:009  ACPCL 0 AXCL 1 AXEM 0 AXFB 0 CSG 0 DIM 1 DLJ 1 DRC 0 DPM 1 EBTFF 0 EDI 0 IPBS 0 LKP 0 PNKD 1 PTKP 1 TPD 0 XPL 1 PCC 0
16:139  0:009  GetMemStatus=Success
16:149  0:009  0000000000000000-000000000009EFFF  0000009F 0F 07
16:159  0:009  000000000009F000-000000000009FFFF  00000001 0F 04
16:168  0:009  0000000000100000-0000000000FFFFFF  00000F00 0F 07
16:178  0:009  0000000001000000-000000000101FFFF  00000020 0F 04
16:188  0:009  0000000001020000-0000000009BFEFFF  00008BDF 0F 07
16:277  0:088  0000000009BFF000-000000000A000FFF  00000402 0F 00
16:286  0:009  000000000A001000-000000000A1FFFFF  000001FF 0F 07
16:296  0:009  000000000A200000-000000000A20EFFF  0000000F 0F 0A
16:307  0:010  000000000A20F000-00000000C4D71FFF  000BAB63 0F 07
16:317  0:009  00000000C4D72000-00000000C4E23FFF  000000B2 0F 01
16:327  0:009  00000000C4E24000-00000000C4ED4FFF  000000B1 0F 07
16:337  0:010  00000000C4ED5000-00000000C4EDDFFF  00000009 0F 04
16:347  0:009  00000000C4EDE000-00000000C4EE3FFF  00000006 0F 07
16:361  0:014  00000000C4EE4000-00000000C4F12FFF  0000002F 0F 04
16:371  0:009  00000000C4F13000-00000000C4F17FFF  00000005 0F 07
16:380  0:009  00000000C4F18000-00000000C50F5FFF  000001DE 0F 04
16:390  0:009  00000000C50F6000-00000000C5155FFF  00000060 0F 07
16:400  0:009  00000000C5156000-00000000C51BBFFF  00000066 0F 04
16:409  0:009  00000000C51BC000-00000000C51CDFFF  00000012 0F 07
16:419  0:009  00000000C51CE000-00000000C51D6FFF  00000009 0F 04
16:429  0:009  00000000C51D7000-00000000C51DBFFF  00000005 0F 07
16:438  0:009  00000000C51DC000-00000000C51F8FFF  0000001D 0F 04
16:448  0:009  00000000C51F9000-00000000C51F9FFF  00000001 0F 09
16:458  0:009  00000000C51FA000-00000000C51FCFFF  00000003 0F 04
16:467  0:009  00000000C51FD000-00000000C51FDFFF  00000001 0F 09
16:477  0:009  00000000C51FE000-00000000C5200FFF  00000003 0F 04
16:487  0:009  00000000C5201000-00000000C5202FFF  00000002 0F 09
16:496  0:009  00000000C5203000-00000000C5203FFF  00000001 0F 04
16:505  0:009  00000000C5204000-00000000C5209FFF  00000006 0F 09
16:515  0:009  00000000C520A000-00000000C520AFFF  00000001 0F 04
16:525  0:009  00000000C520B000-00000000C520CFFF  00000002 0F 09
16:534  0:009  00000000C520D000-00000000C520DFFF  00000001 0F 04
16:544  0:009  00000000C520E000-00000000C5214FFF  00000007 0F 09
16:554  0:009  00000000C5215000-00000000C5215FFF  00000001 0F 04
16:563  0:009  00000000C5216000-00000000C5221FFF  0000000C 0F 09
16:573  0:009  00000000C5222000-00000000C5224FFF  00000003 0F 04
16:583  0:009  00000000C5225000-00000000C522DFFF  00000009 0F 09
16:592  0:009  00000000C522E000-00000000C53CEFFF  000001A1 0F 04
16:601  0:009  00000000C53CF000-00000000C5555FFF  00000187 0F 01
16:611  0:009  00000000C5556000-00000000C55D0FFF  0000007B 0F 04
16:621  0:009  00000000C55D1000-00000000C55D2FFF  00000002 0F 09
16:630  0:009  00000000C55D3000-00000000C567AFFF  000000A8 0F 04
16:640  0:009  00000000C567B000-00000000C567FFFF  00000005 0F 09
16:650  0:009  00000000C5680000-00000000C9217FFF  00003B98 0F 04
16:664  0:014  00000000C9218000-00000000C93CEFFF  000001B7 0F 07
16:675  0:010  00000000C93CF000-00000000C9ADCFFF  0000070E 0F 03
16:684  0:009  00000000C9ADD000-00000000CB03BFFF  0000155F 0F 00
16:694  0:009  00000000CB03C000-00000000CB093FFF  00000058 0F 09
16:705  0:010  00000000CB094000-00000000CB386FFF  000002F3 0F 0A
16:715  0:009  00000000CB387000-00000000CCF7AFFF  00001BF4 800000000000000F 06
16:725  0:009  00000000CCF7B000-00000000CCFFEFFF  00000084 800000000000000F 05
16:735  0:010  00000000CCFFF000-00000000CD5FFFFF  00000601 0F 04
16:745  0:009  00000000CD600000-00000000CD7E1FFF  000001E2 0F 07
16:755  0:009  00000000CD7E2000-00000000CD8E1FFF  00000100 0F 04
16:765  0:010  00000000CD8E2000-00000000CD8FBFFF  0000001A 0F 03
16:775  0:009  00000000CD8FC000-00000000CD925FFF  0000002A 0F 04
16:785  0:009  00000000CD926000-00000000CD943FFF  0000001E 0F 03
16:796  0:010  00000000CD944000-00000000CDF56FFF  00000613 0F 04
16:806  0:009  00000000CDF57000-00000000CDF59FFF  00000003 0F 03
16:816  0:009  00000000CDF5A000-00000000CDF6CFFF  00000013 0F 04
16:826  0:010  00000000CDF6D000-00000000CDF76FFF  0000000A 0F 03
16:836  0:009  00000000CDF77000-00000000CDF90FFF  0000001A 0F 04
16:846  0:009  00000000CDF91000-00000000CDF96FFF  00000006 0F 03
16:856  0:010  00000000CDF97000-00000000CDFACFFF  00000016 0F 04
16:866  0:009  00000000CDFAD000-00000000CDFAFFFF  00000003 0F 03
16:876  0:009  00000000CDFB0000-00000000CDFC2FFF  00000013 0F 04
16:886  0:009  00000000CDFC3000-00000000CDFC7FFF  00000005 0F 03
16:897  0:010  00000000CDFC8000-00000000CDFDCFFF  00000015 0F 04
16:907  0:010  00000000CDFDD000-00000000CDFF1FFF  00000015 0F 03
16:917  0:009  00000000CDFF2000-00000000CDFF9FFF  00000008 0F 04
16:927  0:010  00000000CDFFA000-00000000CDFFFFFF  00000006 0F 03
16:937  0:009  0000000100000000-000000040E2FFFFF  0030E300 0F 07
16:947  0:009  00000000000A0000-00000000000FFFFF  00000060 0F 00
16:957  0:010  00000000CE000000-00000000CFFFFFFF  00002000 0F 00
16:967  0:009  00000000F0000000-00000000F7FFFFFF  00008000 800000000000100D 0B
16:982  0:014  00000000FD000000-00000000FDFFFFFF  00001000 8000000000000001 0B
16:992  0:010  00000000FEB80000-00000000FEC01FFF  00000082 8000000000000001 0B
17:001  0:009  00000000FEC10000-00000000FEC10FFF  00000001 8000000000000001 0B
17:011  0:009  00000000FED00000-00000000FED00FFF  00000001 8000000000000001 0B
17:021  0:009  00000000FED40000-00000000FED44FFF  00000005 8000000000000001 0B
17:030  0:009  00000000FED80000-00000000FED8FFFF  00000010 8000000000000001 0B
17:040  0:009  00000000FEDC4000-00000000FEDC9FFF  00000006 8000000000000001 0B
17:050  0:009  00000000FEDCC000-00000000FEDCEFFF  00000003 8000000000000001 0B
17:059  0:009  00000000FEDD5000-00000000FEDD5FFF  00000001 8000000000000001 0B
17:069  0:009  00000000FF000000-00000000FFFFFFFF  00001000 8000000000000001 0B
17:079  0:009  000000040E300000-000000042FFFFFFF  00021D00 0F 00
17:088  0:009  Closing log
17:098  0:009  --> Just before lauching image: Firmware has 4010128 free pages (806288 in lower 4 GB)
17:109  0:011  OCABC: Patching safe mode sur-2 at off 5FD9
17:119  0:009  OCABC: AllocPages 2 0xC4B72000 (512) - Success
17:208  0:089  OCABC: AllocPages 2 0xCD7E1000 (1) - Success
17:218  0:009  OC: Supported boot capabilities 4
17:228  0:009  OCABC: AllocPages 2 0xCD7DF000 (2) - Success
17:239  0:010  OCABC: Only 175/256 slide values are usable!
17:249  0:009  OCABC: Valid slides - 81-255
17:259  0:010  OCABC: AllocPages 1 0xC51DC000 (1) - Success
17:283  0:023  OC: Opening file System\Library\Kernels\kernel with 1 mode gave - Not Found
17:292  0:009  OC: Opening file com.apple.boot.R with 1 mode gave - Not Found
17:302  0:009  OC: Opening file com.apple.boot.P with 1 mode gave - Not Found
17:313  0:010  OC: Opening file com.apple.boot.S with 1 mode gave - Not Found
17:323  0:009  OC: Opening file \System\Library\CoreServices with 1 mode gave - Success
17:333  0:009  OC: Opening file EncryptedRoot.plist.wipekey with 1 mode gave - Not Found
17:343  0:010  OC: Opening file \System\Library\CoreServices\com.apple.Boot.plist with 1 mode gave - Not Found
17:357  0:014  OC: Opening file Library\Preferences\SystemConfiguration\com.apple.Boot.plist with 1 mode gave - Success
17:369  0:011  OC: Opening file \System\Library\CoreServices\PlatformSupport.plist with 1 mode gave - Success
17:380  0:011  OCABC: AllocPages 2 0x1A100000 (97845) - Success
17:390  0:009  OC: Opening file \System\Library\CoreServices\boot.efi with 1 mode gave - Success
17:501  0:111  OC: Opening file System\Library\KernelCollections\BootKernelExtensions.kc.development with 1 mode gave - Not Found
17:512  0:011  OC: Opening file System\Library\KernelCollections\BootKernelExtensions.kc with 1 mode gave - Success
17:602  0:089  OC: Kext reservation size info 56B000 exe 20A000
17:611  0:009  OC: Trying 64-bit XNU hook on System\Library\KernelCollections\BootKernelExtensions.kc
17:623  0:011  OCAK: Found 64-bit Mach-O compressed 0 offset 0 size 0
17:632  0:009  OCAK: Determined kernel size is 69648384 bytes
27:063  9:430  OC: Result of 64-bit XNU hook on System\Library\KernelCollections\BootKernelExtensions.kc (00000000) is Success
27:111  0:047  OCAK: Read kernel version 22.6.0 (220600)
27:120  0:009  OCAK: 64-bit patcher base 0xFFFFFF8000200000 kmod 0x0 file 0x0
27:130  0:010  OCAK: Zeroing _xcpm_core_scope_msrs 0xE2 applicable CPUs (76)
27:140  0:009  OCAK: Zeroing _xcpm_core_scope_msrs 0xE2 applicable CPUs (406416)
27:150  0:009  OCAK: Zeroing _xcpm_core_scope_msrs 0xE2 applicable CPUs (540672)
27:160  0:010  Replace B9E20000000F30 by B9E20000009090 at ofs:309
27:324  0:163  Replace B9E20000000F30 by B9E20000009090 at ofs:393
27:488  0:163  OCAK: 64-bit XcpmCfgLockRel replace count - 2
27:548  0:060  Replace 00252E2A7300 by 00002E2A7300 at ofs:AA7441
27:693  0:144  OCAK: 64-bit PanicKextDump replace count - 1
27:702  0:009  OCAK: Patch success kext dump
27:712  0:010  OCAK: 64-bit PowerStateTimeout replace count - 0
27:722  0:009  OCAK: No inline power state patch - Not Found, trying fallback
27:779  0:056  Replace 636F6D2E6170706C6500 by 6E6F742E6170706C6500 at ofs:AAC43F
28:085  0:305  OCAK: 64-bit PowerStateTimeout replace count - 1
28:095  0:009  OCAK: Patch success power state
28:105  0:010  OCAK: CurrFreeCall E8 42 72 B2 FF FFB27242
28:114  0:009  OCAK: CurrFreeCall E8 19 72 B2 FF FFB27219
28:124  0:009  OCAK: CurrFreeCall E8 DE 71 B2 FF FFB271DE
28:134  0:009  OCAK: CurrFreeCall E8 A6 70 B2 FF FFB270A6
28:143  0:009  OCAK: Found jettisoning fileset
28:181  0:037  OCAK: as.vit9696.Lilu got KXLD 0 0
28:190  0:009  OCAK: Requesting __LINKEDIT for as.vit9696.Lilu - C4117438 at 426D000
28:200  0:009  OCAK: Requesting SymbolTable for as.vit9696.Lilu - 551
28:209  0:009  OCAK: Requesting __LINKEDIT for __kernel__ - BFEB57F0 at 0
28:219  0:009  OCAK: Requesting SymbolTable for __kernel__ - 22318
28:246  0:026  OCAK: Local relocs 689 on FFFFFF800436D000
28:255  0:009  OC: Prelinked injection Kexts\Other\Lilu.kext () - Success
28:265  0:009  OCAK: as.vit9696.VirtualSMC got KXLD 0 0
28:275  0:009  OCAK: Requesting __LINKEDIT for as.vit9696.VirtualSMC - C4146438 at 429C000
28:284  0:009  OCAK: Requesting SymbolTable for as.vit9696.VirtualSMC - 453
28:294  0:009  OCAK: Requesting SymbolTable for as.vit9696.Lilu - 159
28:305  0:011  OCAK: Patching invalid size 2000 with 1929000 for com.apple.iokit.IOACPIFamily
28:315  0:009  OCAK: com.apple.iokit.IOACPIFamily got KXLD 0 0
28:325  0:009  OCAK: Requesting __LINKEDIT for com.apple.iokit.IOACPIFamily - C27EE568 at 2944000
28:334  0:009  OCAK: Requesting SymbolTable for com.apple.iokit.IOACPIFamily - 545
28:349  0:014  OCAK: Local relocs 515 on FFFFFF800439C000
28:359  0:010  OC: Prelinked injection Kexts\Other\VirtualSMC.kext () - Success
28:372  0:012  OCAK: as.vit9696.AppleALC got KXLD 0 0
28:381  0:009  OCAK: Requesting __LINKEDIT for as.vit9696.AppleALC - C415F3E8 at 42B5000
28:391  0:009  OCAK: Requesting SymbolTable for as.vit9696.AppleALC - 444
28:402  0:010  OCAK: Patching invalid size 32000 with 14B9000 for com.apple.iokit.IOPCIFamily
28:417  0:014  OCAK: com.apple.iokit.IOPCIFamily got KXLD 0 0
28:427  0:010  OCAK: Requesting __LINKEDIT for com.apple.iokit.IOPCIFamily - C2C5E518 at 2DB4000
28:437  0:009  OCAK: Requesting SymbolTable for com.apple.iokit.IOPCIFamily - 1522
28:455  0:017  OCAK: Local relocs 5878 on FFFFFF80043B5000
28:470  0:015  OC: Prelinked injection Kexts\Other\AppleALC.kext () - Success
28:480  0:010  OC: Prelinked injection Kexts\Other\AppleMCEReporterDisabler.kext () - Success
28:490  0:009  OC: Prelink size 71790592 kext offset 69652480 reserved 2138112
28:500  0:010  OCAK: KC TEXT is 65536 bytes with 62328 Mach-O headers need 384
28:519  0:018  OCAK: Patching invalid size 75FF4 with 1113000 for com.apple.iokit.IOUSBHostFamily
28:529  0:009  OCAK: com.apple.iokit.IOUSBHostFamily got KXLD 0 0
28:540  0:010  Replace 0F0F87 by 400F87 at ofs:39
28:630  0:090  OCAK: 64-bit RemoveUsbLimitIoP1 replace count - 1
28:641  0:010  OCAK: Patch success port com.apple.iokit.IOUSBHostFamily
28:652  0:011  OCAK: Patching invalid size 3CFF8 with FEC000 for com.apple.driver.usb.AppleUSBXHCI
28:662  0:009  OCAK: com.apple.driver.usb.AppleUSBXHCI got KXLD 0 0
28:673  0:010  Replace 0F0F83 by 400F83 at ofs:5E4
28:764  0:091  OCAK: 64-bit RemoveUsbLimitV2 replace count - 1
28:774  0:009  OCAK: Patch success com.apple.driver.usb.AppleUSBXHCI
28:785  0:011  OCAK: Patching invalid size 24FF5 with FA5000 for com.apple.driver.usb.AppleUSBXHCIPCI
28:796  0:010  OCAK: com.apple.driver.usb.AppleUSBXHCIPCI got KXLD 0 0
28:806  0:010  OCAK: Skipping legacy port patch AppleUSBXHCIPCI on 220600
28:895  0:089  Replace 444D415200 by 52414D4400 at ofs:31830
29:020  0:124  OCAK: 64-bit AppleIoMapper replace count - 1
29:029  0:009  OCAK: Patch success com.apple.iokit.IOPCIFamily AppleIoMapper
29:041  0:011  OCAK: Failed to pk find com.apple.driver.AppleIntelCPUPowerManagement - Not Found
29:050  0:009  OCAK: Skipping dummy AppleIntelCPUPowerManagement patch on 220600
29:072  0:021  OC: Prelinked status - Success
29:094  0:021  OC: Opening file usr\standalone\OS.dmg.root_hash with 1 mode gave - Not Found
